Working directory: /work/dlclarge1/subramas-smorf_thesis/papa_smorf/papa-smORF
Started at Thu Jan 23 03:17:40 PM CET 2025
Running job papa_smorf using 16 CPUs with job ID 13186252
=== Starting papa-smORF Pipeline with Memory Mapping ===
1. Cleaning and setting up...
make clean setup
make[1]: Entering directory '/work/dlclarge1/subramas-smorf_thesis/papa_smorf/papa-smORF'
rm -rf data/processed/*
rm -rf logs/*
find . -type d -name "__pycache__" -exec rm -r {} +
find . -type f -name "*.pyc" -delete
find . -type f -name "*.mmap" -delete
find . -type f -name "*.log" -delete
Cleaned generated files
python -c "from src.preprocessing.utils import setup_directories; setup_directories('/work/dlclarge1/subramas-smorf_thesis/papa_smorf/papa-smORF')"
Directory structure created
make[1]: Leaving directory '/work/dlclarge1/subramas-smorf_thesis/papa_smorf/papa-smORF'

2. Installing dependencies...
make install
make[1]: Entering directory '/work/dlclarge1/subramas-smorf_thesis/papa_smorf/papa-smORF'
python -m pip install --upgrade pip
Requirement already satisfied: pip in /home/subramas/miniconda3/envs/smorfenv/lib/python3.11/site-packages (24.3.1)
python -m pip install -r requirements.txt
Requirement already satisfied: pandas>=2.0.0 in /home/subramas/miniconda3/envs/smorfenv/lib/python3.11/site-packages (from -r requirements.txt (line 1)) (2.2.3)
Requirement already satisfied: numpy>=1.24.0 in /home/subramas/miniconda3/envs/smorfenv/lib/python3.11/site-packages (from -r requirements.txt (line 2)) (2.2.2)
Requirement already satisfied: pyyaml>=6.0.1 in /home/subramas/miniconda3/envs/smorfenv/lib/python3.11/site-packages (from -r requirements.txt (line 3)) (6.0.2)
Requirement already satisfied: biopython>=1.81 in /home/subramas/miniconda3/envs/smorfenv/lib/python3.11/site-packages (from -r requirements.txt (line 4)) (1.85)
Requirement already satisfied: matplotlib>=3.5.0 in /home/subramas/miniconda3/envs/smorfenv/lib/python3.11/site-packages (from -r requirements.txt (line 5)) (3.10.0)
Requirement already satisfied: seaborn>=0.11.0 in /home/subramas/miniconda3/envs/smorfenv/lib/python3.11/site-packages (from -r requirements.txt (line 6)) (0.13.2)
Requirement already satisfied: tqdm>=4.65.0 in /home/subramas/miniconda3/envs/smorfenv/lib/python3.11/site-packages (from -r requirements.txt (line 7)) (4.67.1)
Requirement already satisfied: pytest>=7.0.0 in /home/subramas/miniconda3/envs/smorfenv/lib/python3.11/site-packages (from -r requirements.txt (line 8)) (8.3.4)
Requirement already satisfied: psutil>=5.9.0 in /home/subramas/miniconda3/envs/smorfenv/lib/python3.11/site-packages (from -r requirements.txt (line 9)) (6.1.1)
Requirement already satisfied: python-dateutil>=2.8.2 in /home/subramas/miniconda3/envs/smorfenv/lib/python3.11/site-packages (from pandas>=2.0.0->-r requirements.txt (line 1)) (2.9.0.post0)
Requirement already satisfied: pytz>=2020.1 in /home/subramas/miniconda3/envs/smorfenv/lib/python3.11/site-packages (from pandas>=2.0.0->-r requirements.txt (line 1)) (2024.2)
Requirement already satisfied: tzdata>=2022.7 in /home/subramas/miniconda3/envs/smorfenv/lib/python3.11/site-packages (from pandas>=2.0.0->-r requirements.txt (line 1)) (2024.2)
Requirement already satisfied: contourpy>=1.0.1 in /home/subramas/miniconda3/envs/smorfenv/lib/python3.11/site-packages (from matplotlib>=3.5.0->-r requirements.txt (line 5)) (1.3.1)
Requirement already satisfied: cycler>=0.10 in /home/subramas/miniconda3/envs/smorfenv/lib/python3.11/site-packages (from matplotlib>=3.5.0->-r requirements.txt (line 5)) (0.12.1)
Requirement already satisfied: fonttools>=4.22.0 in /home/subramas/miniconda3/envs/smorfenv/lib/python3.11/site-packages (from matplotlib>=3.5.0->-r requirements.txt (line 5)) (4.55.4)
Requirement already satisfied: kiwisolver>=1.3.1 in /home/subramas/miniconda3/envs/smorfenv/lib/python3.11/site-packages (from matplotlib>=3.5.0->-r requirements.txt (line 5)) (1.4.8)
Requirement already satisfied: packaging>=20.0 in /home/subramas/miniconda3/envs/smorfenv/lib/python3.11/site-packages (from matplotlib>=3.5.0->-r requirements.txt (line 5)) (24.2)
Requirement already satisfied: pillow>=8 in /home/subramas/miniconda3/envs/smorfenv/lib/python3.11/site-packages (from matplotlib>=3.5.0->-r requirements.txt (line 5)) (11.1.0)
Requirement already satisfied: pyparsing>=2.3.1 in /home/subramas/miniconda3/envs/smorfenv/lib/python3.11/site-packages (from matplotlib>=3.5.0->-r requirements.txt (line 5)) (3.2.1)
Requirement already satisfied: iniconfig in /home/subramas/miniconda3/envs/smorfenv/lib/python3.11/site-packages (from pytest>=7.0.0->-r requirements.txt (line 8)) (2.0.0)
Requirement already satisfied: pluggy<2,>=1.5 in /home/subramas/miniconda3/envs/smorfenv/lib/python3.11/site-packages (from pytest>=7.0.0->-r requirements.txt (line 8)) (1.5.0)
Requirement already satisfied: six>=1.5 in /home/subramas/miniconda3/envs/smorfenv/lib/python3.11/site-packages (from python-dateutil>=2.8.2->pandas>=2.0.0->-r requirements.txt (line 1)) (1.17.0)
python -m pip install -e .
Obtaining file:///work/dlclarge1/subramas-smorf_thesis/papa_smorf/papa-smORF
  Preparing metadata (setup.py): started
  Preparing metadata (setup.py): finished with status 'done'
Requirement already satisfied: pandas>=2.0.0 in /home/subramas/miniconda3/envs/smorfenv/lib/python3.11/site-packages (from papa_smorf==0.1.0) (2.2.3)
Requirement already satisfied: numpy>=1.24.0 in /home/subramas/miniconda3/envs/smorfenv/lib/python3.11/site-packages (from papa_smorf==0.1.0) (2.2.2)
Requirement already satisfied: pyyaml>=6.0.1 in /home/subramas/miniconda3/envs/smorfenv/lib/python3.11/site-packages (from papa_smorf==0.1.0) (6.0.2)
Requirement already satisfied: biopython>=1.81 in /home/subramas/miniconda3/envs/smorfenv/lib/python3.11/site-packages (from papa_smorf==0.1.0) (1.85)
Requirement already satisfied: matplotlib>=3.5.0 in /home/subramas/miniconda3/envs/smorfenv/lib/python3.11/site-packages (from papa_smorf==0.1.0) (3.10.0)
Requirement already satisfied: seaborn>=0.11.0 in /home/subramas/miniconda3/envs/smorfenv/lib/python3.11/site-packages (from papa_smorf==0.1.0) (0.13.2)
Requirement already satisfied: tqdm>=4.65.0 in /home/subramas/miniconda3/envs/smorfenv/lib/python3.11/site-packages (from papa_smorf==0.1.0) (4.67.1)
Requirement already satisfied: pytest>=7.0.0 in /home/subramas/miniconda3/envs/smorfenv/lib/python3.11/site-packages (from papa_smorf==0.1.0) (8.3.4)
Requirement already satisfied: psutil>=5.9.0 in /home/subramas/miniconda3/envs/smorfenv/lib/python3.11/site-packages (from papa_smorf==0.1.0) (6.1.1)
Requirement already satisfied: contourpy>=1.0.1 in /home/subramas/miniconda3/envs/smorfenv/lib/python3.11/site-packages (from matplotlib>=3.5.0->papa_smorf==0.1.0) (1.3.1)
Requirement already satisfied: cycler>=0.10 in /home/subramas/miniconda3/envs/smorfenv/lib/python3.11/site-packages (from matplotlib>=3.5.0->papa_smorf==0.1.0) (0.12.1)
Requirement already satisfied: fonttools>=4.22.0 in /home/subramas/miniconda3/envs/smorfenv/lib/python3.11/site-packages (from matplotlib>=3.5.0->papa_smorf==0.1.0) (4.55.4)
Requirement already satisfied: kiwisolver>=1.3.1 in /home/subramas/miniconda3/envs/smorfenv/lib/python3.11/site-packages (from matplotlib>=3.5.0->papa_smorf==0.1.0) (1.4.8)
Requirement already satisfied: packaging>=20.0 in /home/subramas/miniconda3/envs/smorfenv/lib/python3.11/site-packages (from matplotlib>=3.5.0->papa_smorf==0.1.0) (24.2)
Requirement already satisfied: pillow>=8 in /home/subramas/miniconda3/envs/smorfenv/lib/python3.11/site-packages (from matplotlib>=3.5.0->papa_smorf==0.1.0) (11.1.0)
Requirement already satisfied: pyparsing>=2.3.1 in /home/subramas/miniconda3/envs/smorfenv/lib/python3.11/site-packages (from matplotlib>=3.5.0->papa_smorf==0.1.0) (3.2.1)
Requirement already satisfied: python-dateutil>=2.7 in /home/subramas/miniconda3/envs/smorfenv/lib/python3.11/site-packages (from matplotlib>=3.5.0->papa_smorf==0.1.0) (2.9.0.post0)
Requirement already satisfied: pytz>=2020.1 in /home/subramas/miniconda3/envs/smorfenv/lib/python3.11/site-packages (from pandas>=2.0.0->papa_smorf==0.1.0) (2024.2)
Requirement already satisfied: tzdata>=2022.7 in /home/subramas/miniconda3/envs/smorfenv/lib/python3.11/site-packages (from pandas>=2.0.0->papa_smorf==0.1.0) (2024.2)
Requirement already satisfied: iniconfig in /home/subramas/miniconda3/envs/smorfenv/lib/python3.11/site-packages (from pytest>=7.0.0->papa_smorf==0.1.0) (2.0.0)
Requirement already satisfied: pluggy<2,>=1.5 in /home/subramas/miniconda3/envs/smorfenv/lib/python3.11/site-packages (from pytest>=7.0.0->papa_smorf==0.1.0) (1.5.0)
Requirement already satisfied: six>=1.5 in /home/subramas/miniconda3/envs/smorfenv/lib/python3.11/site-packages (from python-dateutil>=2.7->matplotlib>=3.5.0->papa_smorf==0.1.0) (1.17.0)
Installing collected packages: papa_smorf
  Attempting uninstall: papa_smorf
    Found existing installation: papa_smorf 0.1.0
    Uninstalling papa_smorf-0.1.0:
      Successfully uninstalled papa_smorf-0.1.0
  Running setup.py develop for papa_smorf
Successfully installed papa_smorf-0.1.0
make[1]: Leaving directory '/work/dlclarge1/subramas-smorf_thesis/papa_smorf/papa-smORF'

3. Running pipeline...
make pipeline
make[1]: Entering directory '/work/dlclarge1/subramas-smorf_thesis/papa_smorf/papa-smORF'
PYTHONPATH=/work/dlclarge1/subramas-smorf_thesis/papa_smorf/papa-smORF python src/pipeline.py --fasta_dir data/10_fasta --gff_dir data/10_gff --output_dir data/processed --workers 8 --batch_size 100

Processed Data Summary:
Total sequences: 14
Total ORFs: 499,553

Sequence Statistics:
Average sequence length: 2,459,397
Average ORFs per sequence: 35,682.4
make[1]: Leaving directory '/work/dlclarge1/subramas-smorf_thesis/papa_smorf/papa-smORF'

=== Pipeline Complete ===
Check:
- logs/ for execution logs
- data/processed/ for memory-mapped data files (.mmap)
Job execution complete.
Runtime: 52 seconds
Finished at Thu Jan 23 03:18:35 PM CET 2025
